<?xml version="1.0" encoding="UTF-8"?>
<!-- Generated by org.testng.reporters.JUnitXMLReporter -->
<testsuite hostname="DESKTOP-8MNMGVJ" ignored="0" name="Test" tests="1" failures="1" timestamp="17 Sep 2018 04:35:06 GMT" time="17.409" errors="0">
  <testcase name="logintest" time="17.377" classname="samplegittest.SampleGITTest">
    <failure type="java.lang.ArithmeticException" message="/ by zero">
      <![CDATA[java.lang.ArithmeticException: / by zero
	at samplegittest.SampleGITTest.logintest(SampleGITTest.java:22)
... Removed 28 stack frames]]>
    </failure>
  </testcase> <!-- logintest -->
</testsuite> <!-- Test -->
