<?xml version="1.0" encoding="UTF-8"?>
<testng-results skipped="0" failed="0" ignored="0" total="1" passed="1">
  <reporter-output>
  </reporter-output>
  <suite name="Default suite" duration-ms="24537" started-at="2018-09-12T04:53:31Z" finished-at="2018-09-12T04:53:56Z">
    <groups>
    </groups>
    <test name="Default test" duration-ms="24537" started-at="2018-09-12T04:53:31Z" finished-at="2018-09-12T04:53:56Z">
      <class name="samplegittest.SampleGITTest">
        <test-method status="PASS" signature="logintest()[pri:0, instance:samplegittest.SampleGITTest@26a7b76d]" name="logintest" duration-ms="24493" started-at="2018-09-12T04:53:31Z" finished-at="2018-09-12T04:53:56Z">
          <reporter-output>
          </reporter-output>
        </test-method> <!-- logintest -->
      </class> <!-- samplegittest.SampleGITTest -->
    </test> <!-- Default test -->
  </suite> <!-- Default suite -->
</testng-results>
